Flat profile:

Each sample counts as 0.01 seconds.
 no time accumulated

  %   cumulative   self              self     total           
 time   seconds   seconds    calls  Ts/call  Ts/call  name    
  0.00      0.00     0.00        1     0.00     0.00  _GLOBAL__sub_I__ZN10SystemInfoC2Ev
  0.00      0.00     0.00        1     0.00     0.00  _GLOBAL__sub_I__ZN6FileIO16OpenFileReadOnlyEPKc
  0.00      0.00     0.00        1     0.00     0.00  _GLOBAL__sub_I_main
  0.00      0.00     0.00        1     0.00     0.00  __static_initialization_and_destruction_0(int, int)
  0.00      0.00     0.00        1     0.00     0.00  __static_initialization_and_destruction_0(int, int)
  0.00      0.00     0.00        1     0.00     0.00  __static_initialization_and_destruction_0(int, int)
  0.00      0.00     0.00        1     0.00     0.00  FileIO::WriteToFile(int*, void*, unsigned long)
  0.00      0.00     0.00        1     0.00     0.00  FileIO::CreateFileWithFullPermissions(char const*)
  0.00      0.00     0.00        1     0.00     0.00  FileIO::CloseFile(int*)

			Call graph


granularity: each sample hit covers 2 byte(s) no time propagated

index % time    self  children    called     name
                0.00    0.00       1/1           __libc_csu_init [35]
[8]      0.0    0.00    0.00       1         _GLOBAL__sub_I__ZN10SystemInfoC2Ev [8]
                0.00    0.00       1/1           __static_initialization_and_destruction_0(int, int) [13]
-----------------------------------------------
                0.00    0.00       1/1           __libc_csu_init [35]
[9]      0.0    0.00    0.00       1         _GLOBAL__sub_I__ZN6FileIO16OpenFileReadOnlyEPKc [9]
                0.00    0.00       1/1           __static_initialization_and_destruction_0(int, int) [12]
-----------------------------------------------
                0.00    0.00       1/1           __libc_csu_init [35]
[10]     0.0    0.00    0.00       1         _GLOBAL__sub_I_main [10]
                0.00    0.00       1/1           __static_initialization_and_destruction_0(int, int) [11]
-----------------------------------------------
                0.00    0.00       1/1           _GLOBAL__sub_I_main [10]
[11]     0.0    0.00    0.00       1         __static_initialization_and_destruction_0(int, int) [11]
-----------------------------------------------
                0.00    0.00       1/1           _GLOBAL__sub_I__ZN6FileIO16OpenFileReadOnlyEPKc [9]
[12]     0.0    0.00    0.00       1         __static_initialization_and_destruction_0(int, int) [12]
-----------------------------------------------
                0.00    0.00       1/1           _GLOBAL__sub_I__ZN10SystemInfoC2Ev [8]
[13]     0.0    0.00    0.00       1         __static_initialization_and_destruction_0(int, int) [13]
-----------------------------------------------
                0.00    0.00       1/1           main [6]
[14]     0.0    0.00    0.00       1         FileIO::WriteToFile(int*, void*, unsigned long) [14]
-----------------------------------------------
                0.00    0.00       1/1           main [6]
[15]     0.0    0.00    0.00       1         FileIO::CreateFileWithFullPermissions(char const*) [15]
-----------------------------------------------
                0.00    0.00       1/1           main [6]
[16]     0.0    0.00    0.00       1         FileIO::CloseFile(int*) [16]
-----------------------------------------------

Index by function name

   [8] _GLOBAL__sub_I__ZN10SystemInfoC2Ev [11] __static_initialization_and_destruction_0(int, int) [14] FileIO::WriteToFile(int*, void*, unsigned long)
   [9] _GLOBAL__sub_I__ZN6FileIO16OpenFileReadOnlyEPKc [12] __static_initialization_and_destruction_0(int, int) [15] FileIO::CreateFileWithFullPermissions(char const*)
  [10] _GLOBAL__sub_I_main    [13] __static_initialization_and_destruction_0(int, int) [16] FileIO::CloseFile(int*)
